20:46:18 - USER   : [INFO ] Closing User
20:46:22 - USER   : [INFO ] Connecting...
20:46:22 - USER   : [INFO ] Connected
20:46:22 - USER   : [INFO ] Restaurant name : Pizza2!

20:46:22 - USER   : [INFO ] aliments disponibles :

20:46:22 - USER   : [INFO ] pizza     
20:46:22 - USER   : [INFO ] chips     
20:46:22 - USER   : [INFO ] 

20:46:29 - USER   : [INFO ] Closing User
20:46:36 - USER   : [INFO ] Connecting...
20:46:36 - USER   : [INFO ] Connected
20:46:37 - USER   : [INFO ] Restaurant name : Pizza2!

20:46:37 - USER   : [INFO ] aliments disponibles :

20:46:37 - USER   : [INFO ] pizza     
20:46:37 - USER   : [INFO ] chips     
20:46:37 - USER   : [INFO ] 

20:46:40 - USER   : [INFO ] Closing User
20:47:26 - USER   : [INFO ] Connecting...
20:47:26 - USER   : [INFO ] Connected
20:47:27 - USER   : [INFO ] Restaurant name : Pizza2!

20:47:27 - USER   : [INFO ] aliments disponibles :

20:47:27 - USER   : [INFO ] pizza     
20:47:27 - USER   : [INFO ] chips     
20:47:27 - USER   : [INFO ] 

20:47:29 - USER   : [INFO ] Closing User
